<?xml version="1.0" encoding="UTF-8"?>
<!-- Generated by org.testng.reporters.JUnitReportReporter -->
<testsuite hostname="Hari" failures="0" tests="5" name="Devendra.StandAlone" time="9.834" errors="0" timestamp="2025-04-28T17:27:27 IST" skipped="0">
  <testcase classname="Devendra.StandAlone" name="validateConfirmationPage" time="0.128"/>
  <testcase classname="Devendra.StandAlone" name="validateCheckoutPage" time="0.677"/>
  <testcase classname="Devendra.StandAlone" name="validateCartPage" time="0.280"/>
  <testcase classname="Devendra.StandAlone" name="validLoginTest" time="8.543"/>
  <testcase classname="Devendra.StandAlone" name="validateProductpage" time="0.206"/>
</testsuite> <!-- Devendra.StandAlone -->
