<?xml version="1.0" encoding="UTF-8"?>
<!-- Generated by org.testng.reporters.JUnitReportReporter -->
<testsuite hostname="Hari" failures="0" tests="5" name="Devendra.AllTestCases" time="6.838" errors="0" timestamp="2025-04-28T17:29:11 IST" skipped="0">
  <testcase classname="Devendra.AllTestCases" name="validateConfirmationPage" time="0.112"/>
  <testcase classname="Devendra.AllTestCases" name="validateCheckoutPage" time="0.687"/>
  <testcase classname="Devendra.AllTestCases" name="validateCartPage" time="0.253"/>
  <testcase classname="Devendra.AllTestCases" name="validLoginTest" time="5.617"/>
  <testcase classname="Devendra.AllTestCases" name="validateProductpage" time="0.169"/>
</testsuite> <!-- Devendra.AllTestCases -->
