<?xml version="1.0" encoding="UTF-8"?>
<!-- Generated by org.testng.reporters.JUnitReportReporter -->
<testsuite hostname="Hari" failures="0" tests="1" name="Devendra.LoginTest" time="4.356" errors="0" timestamp="2025-04-28T16:32:06 IST" skipped="0">
  <testcase classname="Devendra.LoginTest" name="validLoginTest" time="4.356"/>
</testsuite> <!-- Devendra.LoginTest -->
